Copyright 1986-2016 Xilinx, Inc. All Rights Reserved.
------------------------------------------------------------------------------------
| Tool Version : Vivado v.2016.4 (win64) Build 1756540 Mon Jan 23 19:11:23 MST 2017
| Date         : Fri Mar 06 08:51:09 2020
| Host         : DESKTOP-G22A6L1 running 64-bit major release  (build 9200)
| Command      : upgrade_ip
| Device       : xc7z020clg484-1
------------------------------------------------------------------------------------

Upgrade Log for IP 'design_1_baseLocalPlanner_1_0_0'

1. Summary
----------

SUCCESS in the upgrade of design_1_baseLocalPlanner_1_0_0 (xilinx.com:user:baseLocalPlanner_1:1.0) from (Rev. 33) to (Rev. 34)






Copyright 1986-2016 Xilinx, Inc. All Rights Reserved.
------------------------------------------------------------------------------------
| Tool Version : Vivado v.2016.4 (win64) Build 1756540 Mon Jan 23 19:11:23 MST 2017
| Date         : Sun Dec 08 18:30:47 2019
| Host         : DESKTOP-G22A6L1 running 64-bit major release  (build 9200)
| Command      : upgrade_ip
| Device       : xc7z020clg484-1
------------------------------------------------------------------------------------

Upgrade Log for IP 'design_1_baseLocalPlanner_1_0_0'

1. Summary
----------

SUCCESS in the upgrade of design_1_baseLocalPlanner_1_0_0 (xilinx.com:user:baseLocalPlanner_1:1.0) from (Rev. 32) to (Rev. 33)






Copyright 1986-2016 Xilinx, Inc. All Rights Reserved.
------------------------------------------------------------------------------------
| Tool Version : Vivado v.2016.4 (win64) Build 1756540 Mon Jan 23 19:11:23 MST 2017
| Date         : Sun Dec 08 18:08:07 2019
| Host         : DESKTOP-G22A6L1 running 64-bit major release  (build 9200)
| Command      : upgrade_ip
| Device       : xc7z020clg484-1
------------------------------------------------------------------------------------

Upgrade Log for IP 'design_1_baseLocalPlanner_1_0_0'

1. Summary
----------

SUCCESS in the upgrade of design_1_baseLocalPlanner_1_0_0 (xilinx.com:user:baseLocalPlanner_1:1.0) from (Rev. 31) to (Rev. 32)






Copyright 1986-2016 Xilinx, Inc. All Rights Reserved.
------------------------------------------------------------------------------------
| Tool Version : Vivado v.2016.4 (win64) Build 1756540 Mon Jan 23 19:11:23 MST 2017
| Date         : Sun Dec 08 14:35:02 2019
| Host         : DESKTOP-G22A6L1 running 64-bit major release  (build 9200)
| Command      : upgrade_ip
| Device       : xc7z020clg484-1
------------------------------------------------------------------------------------

Upgrade Log for IP 'design_1_baseLocalPlanner_1_0_0'

1. Summary
----------

SUCCESS in the upgrade of design_1_baseLocalPlanner_1_0_0 (xilinx.com:user:baseLocalPlanner_1:1.0) from (Rev. 30) to (Rev. 31)






Copyright 1986-2016 Xilinx, Inc. All Rights Reserved.
------------------------------------------------------------------------------------
| Tool Version : Vivado v.2016.4 (win64) Build 1756540 Mon Jan 23 19:11:23 MST 2017
| Date         : Sun Dec 08 08:35:13 2019
| Host         : DESKTOP-G22A6L1 running 64-bit major release  (build 9200)
| Command      : upgrade_ip
| Device       : xc7z020clg484-1
------------------------------------------------------------------------------------

Upgrade Log for IP 'design_1_baseLocalPlanner_1_0_0'

1. Summary
----------

SUCCESS in the upgrade of design_1_baseLocalPlanner_1_0_0 (xilinx.com:user:baseLocalPlanner_1:1.0) from (Rev. 29) to (Rev. 30)






Copyright 1986-2016 Xilinx, Inc. All Rights Reserved.
------------------------------------------------------------------------------------
| Tool Version : Vivado v.2016.4 (win64) Build 1756540 Mon Jan 23 19:11:23 MST 2017
| Date         : Thu Dec 05 09:26:46 2019
| Host         : DESKTOP-G22A6L1 running 64-bit major release  (build 9200)
| Command      : upgrade_ip
| Device       : xc7z020clg484-1
------------------------------------------------------------------------------------

Upgrade Log for IP 'design_1_baseLocalPlanner_1_0_0'

1. Summary
----------

SUCCESS in the upgrade of design_1_baseLocalPlanner_1_0_0 (xilinx.com:user:baseLocalPlanner_1:1.0) from (Rev. 28) to (Rev. 29)






Copyright 1986-2016 Xilinx, Inc. All Rights Reserved.
------------------------------------------------------------------------------------
| Tool Version : Vivado v.2016.4 (win64) Build 1756540 Mon Jan 23 19:11:23 MST 2017
| Date         : Thu Dec 05 00:53:10 2019
| Host         : DESKTOP-G22A6L1 running 64-bit major release  (build 9200)
| Command      : upgrade_ip
| Device       : xc7z020clg484-1
------------------------------------------------------------------------------------

Upgrade Log for IP 'design_1_baseLocalPlanner_1_0_0'

1. Summary
----------

SUCCESS in the upgrade of design_1_baseLocalPlanner_1_0_0 (xilinx.com:user:baseLocalPlanner_1:1.0) from (Rev. 27) to (Rev. 28)






Copyright 1986-2016 Xilinx, Inc. All Rights Reserved.
------------------------------------------------------------------------------------
| Tool Version : Vivado v.2016.4 (win64) Build 1756540 Mon Jan 23 19:11:23 MST 2017
| Date         : Sun Nov 24 09:44:29 2019
| Host         : DESKTOP-G22A6L1 running 64-bit major release  (build 9200)
| Command      : upgrade_ip
| Device       : xc7z020clg484-1
------------------------------------------------------------------------------------

Upgrade Log for IP 'design_1_baseLocalPlanner_1_0_0'

1. Summary
----------

SUCCESS in the upgrade of design_1_baseLocalPlanner_1_0_0 (xilinx.com:user:baseLocalPlanner_1:1.0) from (Rev. 26) to (Rev. 27)






Copyright 1986-2016 Xilinx, Inc. All Rights Reserved.
------------------------------------------------------------------------------------
| Tool Version : Vivado v.2016.4 (win64) Build 1756540 Mon Jan 23 19:11:23 MST 2017
| Date         : Sun Nov 24 00:04:11 2019
| Host         : DESKTOP-G22A6L1 running 64-bit major release  (build 9200)
| Command      : upgrade_ip
| Device       : xc7z020clg484-1
------------------------------------------------------------------------------------

Upgrade Log for IP 'design_1_baseLocalPlanner_1_0_0'

1. Summary
----------

SUCCESS in the upgrade of design_1_baseLocalPlanner_1_0_0 (xilinx.com:user:baseLocalPlanner_1:1.0) from (Rev. 25) to (Rev. 26)






Copyright 1986-2016 Xilinx, Inc. All Rights Reserved.
------------------------------------------------------------------------------------
| Tool Version : Vivado v.2016.4 (win64) Build 1756540 Mon Jan 23 19:11:23 MST 2017
| Date         : Fri Nov 15 11:30:09 2019
| Host         : DESKTOP-G22A6L1 running 64-bit major release  (build 9200)
| Command      : upgrade_ip
| Device       : xc7z020clg484-1
------------------------------------------------------------------------------------

Upgrade Log for IP 'design_1_baseLocalPlanner_1_0_0'

1. Summary
----------

SUCCESS in the upgrade of design_1_baseLocalPlanner_1_0_0 (xilinx.com:user:baseLocalPlanner_1:1.0) from (Rev. 24) to (Rev. 25)






Copyright 1986-2016 Xilinx, Inc. All Rights Reserved.
------------------------------------------------------------------------------------
| Tool Version : Vivado v.2016.4 (win64) Build 1756540 Mon Jan 23 19:11:23 MST 2017
| Date         : Fri Nov 15 09:56:17 2019
| Host         : DESKTOP-G22A6L1 running 64-bit major release  (build 9200)
| Command      : upgrade_ip
| Device       : xc7z020clg484-1
------------------------------------------------------------------------------------

Upgrade Log for IP 'design_1_baseLocalPlanner_1_0_0'

1. Summary
----------

SUCCESS in the upgrade of design_1_baseLocalPlanner_1_0_0 (xilinx.com:user:baseLocalPlanner_1:1.0) from (Rev. 23) to (Rev. 24)






Copyright 1986-2016 Xilinx, Inc. All Rights Reserved.
------------------------------------------------------------------------------------
| Tool Version : Vivado v.2016.4 (win64) Build 1756540 Mon Jan 23 19:11:23 MST 2017
| Date         : Thu Nov 14 12:06:53 2019
| Host         : DESKTOP-G22A6L1 running 64-bit major release  (build 9200)
| Command      : upgrade_ip
| Device       : xc7z020clg484-1
------------------------------------------------------------------------------------

Upgrade Log for IP 'design_1_baseLocalPlanner_1_0_0'

1. Summary
----------

SUCCESS in the upgrade of design_1_baseLocalPlanner_1_0_0 (xilinx.com:user:baseLocalPlanner_1:1.0) from (Rev. 22) to (Rev. 23)






Copyright 1986-2016 Xilinx, Inc. All Rights Reserved.
------------------------------------------------------------------------------------
| Tool Version : Vivado v.2016.4 (win64) Build 1756540 Mon Jan 23 19:11:23 MST 2017
| Date         : Thu Nov 14 12:02:41 2019
| Host         : DESKTOP-G22A6L1 running 64-bit major release  (build 9200)
| Command      : upgrade_ip
| Device       : xc7z020clg484-1
------------------------------------------------------------------------------------

Upgrade Log for IP 'design_1_baseLocalPlanner_1_0_0'

1. Summary
----------

SUCCESS in the upgrade of design_1_baseLocalPlanner_1_0_0 (xilinx.com:user:baseLocalPlanner_1:1.0) from (Rev. 21) to (Rev. 22)






Copyright 1986-2016 Xilinx, Inc. All Rights Reserved.
------------------------------------------------------------------------------------
| Tool Version : Vivado v.2016.4 (win64) Build 1756540 Mon Jan 23 19:11:23 MST 2017
| Date         : Wed Nov 13 13:34:18 2019
| Host         : DESKTOP-G22A6L1 running 64-bit major release  (build 9200)
| Command      : upgrade_ip
| Device       : xc7z020clg484-1
------------------------------------------------------------------------------------

Upgrade Log for IP 'design_1_baseLocalPlanner_1_0_0'

1. Summary
----------

SUCCESS in the upgrade of design_1_baseLocalPlanner_1_0_0 (xilinx.com:user:baseLocalPlanner_1:1.0) from (Rev. 20) to (Rev. 21)






Copyright 1986-2016 Xilinx, Inc. All Rights Reserved.
------------------------------------------------------------------------------------
| Tool Version : Vivado v.2016.4 (win64) Build 1756540 Mon Jan 23 19:11:23 MST 2017
| Date         : Wed Nov 13 12:32:43 2019
| Host         : DESKTOP-G22A6L1 running 64-bit major release  (build 9200)
| Command      : upgrade_ip
| Device       : xc7z020clg484-1
------------------------------------------------------------------------------------

Upgrade Log for IP 'design_1_baseLocalPlanner_1_0_0'

1. Summary
----------

SUCCESS in the upgrade of design_1_baseLocalPlanner_1_0_0 (xilinx.com:user:baseLocalPlanner_1:1.0) from (Rev. 19) to (Rev. 20)






Copyright 1986-2016 Xilinx, Inc. All Rights Reserved.
------------------------------------------------------------------------------------
| Tool Version : Vivado v.2016.4 (win64) Build 1756540 Mon Jan 23 19:11:23 MST 2017
| Date         : Wed Nov 13 11:47:52 2019
| Host         : DESKTOP-G22A6L1 running 64-bit major release  (build 9200)
| Command      : upgrade_ip
| Device       : xc7z020clg484-1
------------------------------------------------------------------------------------

Upgrade Log for IP 'design_1_baseLocalPlanner_1_0_0'

1. Summary
----------

CAUTION (success, with warnings) in the upgrade of design_1_baseLocalPlanner_1_0_0 (xilinx.com:user:baseLocalPlanner_1:1.0) from (Rev. 18) to (Rev. 19)

After upgrade, an IP may have parameter and port differences compared to the original customization. Please review the parameters within the IP customization GUI to ensure proper functionality. Also, please review the updated IP instantiation template to ensure proper connectivity, and update your design if required.

2. Connection Warnings
----------------------

Detected external port differences while upgrading 'design_1_baseLocalPlanner_1_0_0'. These changes may impact your design.


-Upgrade has added port 'goal_dist_port'

-Upgrade has added port 'path_dist_port'







Copyright 1986-2016 Xilinx, Inc. All Rights Reserved.
------------------------------------------------------------------------------------
| Tool Version : Vivado v.2016.4 (win64) Build 1756540 Mon Jan 23 19:11:23 MST 2017
| Date         : Wed Nov 13 10:03:33 2019
| Host         : DESKTOP-G22A6L1 running 64-bit major release  (build 9200)
| Command      : upgrade_ip
| Device       : xc7z020clg484-1
------------------------------------------------------------------------------------

Upgrade Log for IP 'design_1_baseLocalPlanner_1_0_0'

1. Summary
----------

SUCCESS in the upgrade of design_1_baseLocalPlanner_1_0_0 (xilinx.com:user:baseLocalPlanner_1:1.0) from (Rev. 17) to (Rev. 18)






Copyright 1986-2016 Xilinx, Inc. All Rights Reserved.
------------------------------------------------------------------------------------
| Tool Version : Vivado v.2016.4 (win64) Build 1756540 Mon Jan 23 19:11:23 MST 2017
| Date         : Tue Nov 12 21:55:56 2019
| Host         : DESKTOP-G22A6L1 running 64-bit major release  (build 9200)
| Command      : upgrade_ip
| Device       : xc7z020clg484-1
------------------------------------------------------------------------------------

Upgrade Log for IP 'design_1_baseLocalPlanner_1_0_0'

1. Summary
----------

SUCCESS in the upgrade of design_1_baseLocalPlanner_1_0_0 (xilinx.com:user:baseLocalPlanner_1:1.0) from (Rev. 15) to (Rev. 17)






Copyright 1986-2016 Xilinx, Inc. All Rights Reserved.
------------------------------------------------------------------------------------
| Tool Version : Vivado v.2016.4 (win64) Build 1756540 Mon Jan 23 19:11:23 MST 2017
| Date         : Tue Nov 12 20:20:06 2019
| Host         : DESKTOP-G22A6L1 running 64-bit major release  (build 9200)
| Command      : upgrade_ip
| Device       : xc7z020clg484-1
------------------------------------------------------------------------------------

Upgrade Log for IP 'design_1_baseLocalPlanner_1_0_0'

1. Summary
----------

CAUTION (success, with warnings) in the upgrade of design_1_baseLocalPlanner_1_0_0 (xilinx.com:user:baseLocalPlanner_1:1.0) from (Rev. 14) to (Rev. 15)

After upgrade, an IP may have parameter and port differences compared to the original customization. Please review the parameters within the IP customization GUI to ensure proper functionality. Also, please review the updated IP instantiation template to ensure proper connectivity, and update your design if required.

2. Connection Warnings
----------------------

Detected external port differences while upgrading 'design_1_baseLocalPlanner_1_0_0'. These changes may impact your design.


-Upgrade has added port 'db_config_tg_start'







Copyright 1986-2016 Xilinx, Inc. All Rights Reserved.
------------------------------------------------------------------------------------
| Tool Version : Vivado v.2016.4 (win64) Build 1756540 Mon Jan 23 19:11:23 MST 2017
| Date         : Tue Nov 12 19:19:07 2019
| Host         : DESKTOP-G22A6L1 running 64-bit major release  (build 9200)
| Command      : upgrade_ip
| Device       : xc7z020clg484-1
------------------------------------------------------------------------------------

Upgrade Log for IP 'design_1_baseLocalPlanner_1_0_0'

1. Summary
----------

SUCCESS in the upgrade of design_1_baseLocalPlanner_1_0_0 (xilinx.com:user:baseLocalPlanner_1:1.0) from (Rev. 13) to (Rev. 14)






Copyright 1986-2016 Xilinx, Inc. All Rights Reserved.
------------------------------------------------------------------------------------
| Tool Version : Vivado v.2016.4 (win64) Build 1756540 Mon Jan 23 19:11:23 MST 2017
| Date         : Tue Nov 12 18:28:53 2019
| Host         : DESKTOP-G22A6L1 running 64-bit major release  (build 9200)
| Command      : upgrade_ip
| Device       : xc7z020clg484-1
------------------------------------------------------------------------------------

Upgrade Log for IP 'design_1_baseLocalPlanner_1_0_0'

1. Summary
----------

SUCCESS in the upgrade of design_1_baseLocalPlanner_1_0_0 (xilinx.com:user:baseLocalPlanner_1:1.0) from (Rev. 12) to (Rev. 13)






Copyright 1986-2016 Xilinx, Inc. All Rights Reserved.
------------------------------------------------------------------------------------
| Tool Version : Vivado v.2016.4 (win64) Build 1756540 Mon Jan 23 19:11:23 MST 2017
| Date         : Tue Nov 12 18:15:16 2019
| Host         : DESKTOP-G22A6L1 running 64-bit major release  (build 9200)
| Command      : upgrade_ip
| Device       : xc7z020clg484-1
------------------------------------------------------------------------------------

Upgrade Log for IP 'design_1_baseLocalPlanner_1_0_0'

1. Summary
----------

CAUTION (success, with warnings) in the upgrade of design_1_baseLocalPlanner_1_0_0 (xilinx.com:user:baseLocalPlanner_1:1.0) from (Rev. 11) to (Rev. 12)

After upgrade, an IP may have parameter and port differences compared to the original customization. Please review the parameters within the IP customization GUI to ensure proper functionality. Also, please review the updated IP instantiation template to ensure proper connectivity, and update your design if required.

2. Connection Warnings
----------------------

Detected external port differences while upgrading 'design_1_baseLocalPlanner_1_0_0'. These changes may impact your design.


-Upgrade has added port 'db_cell_x'

-Upgrade has added port 'db_cell_y'

-Upgrade has added port 'db_cost_total'

-Upgrade has added port 'db_fpc_cost'

-Upgrade has added port 'db_fpc_cost_rdy'

-Upgrade has added port 'db_fpc_start'

-Upgrade has added port 'db_occ_out_test'

-Upgrade has added port 'db_path_dist_map_add'

-Upgrade has added port 'db_path_goal_cost'

-Upgrade has added port 'db_theta_out_test'







Copyright 1986-2016 Xilinx, Inc. All Rights Reserved.
------------------------------------------------------------------------------------
| Tool Version : Vivado v.2016.4 (win64) Build 1756540 Mon Jan 23 19:11:23 MST 2017
| Date         : Tue Nov 12 13:44:50 2019
| Host         : DESKTOP-G22A6L1 running 64-bit major release  (build 9200)
| Command      : upgrade_ip
| Device       : xc7z020clg484-1
------------------------------------------------------------------------------------

Upgrade Log for IP 'design_1_baseLocalPlanner_1_0_0'

1. Summary
----------

SUCCESS in the upgrade of design_1_baseLocalPlanner_1_0_0 (xilinx.com:user:baseLocalPlanner_1:1.0) from (Rev. 10) to (Rev. 11)






Copyright 1986-2016 Xilinx, Inc. All Rights Reserved.
------------------------------------------------------------------------------------
| Tool Version : Vivado v.2016.4 (win64) Build 1756540 Mon Jan 23 19:11:23 MST 2017
| Date         : Tue Nov 12 13:31:05 2019
| Host         : DESKTOP-G22A6L1 running 64-bit major release  (build 9200)
| Command      : upgrade_ip
| Device       : xc7z020clg484-1
------------------------------------------------------------------------------------

Upgrade Log for IP 'design_1_baseLocalPlanner_1_0_0'

1. Summary
----------

SUCCESS in the upgrade of design_1_baseLocalPlanner_1_0_0 (xilinx.com:user:baseLocalPlanner_1:1.0) from (Rev. 9) to (Rev. 10)






Copyright 1986-2016 Xilinx, Inc. All Rights Reserved.
------------------------------------------------------------------------------------
| Tool Version : Vivado v.2016.4 (win64) Build 1756540 Mon Jan 23 19:11:23 MST 2017
| Date         : Tue Nov 12 13:07:14 2019
| Host         : DESKTOP-G22A6L1 running 64-bit major release  (build 9200)
| Command      : upgrade_ip
| Device       : xc7z020clg484-1
------------------------------------------------------------------------------------

Upgrade Log for IP 'design_1_baseLocalPlanner_1_0_0'

1. Summary
----------

SUCCESS in the upgrade of design_1_baseLocalPlanner_1_0_0 (xilinx.com:user:baseLocalPlanner_1:1.0) from (Rev. 8) to (Rev. 9)






Copyright 1986-2016 Xilinx, Inc. All Rights Reserved.
------------------------------------------------------------------------------------
| Tool Version : Vivado v.2016.4 (win64) Build 1756540 Mon Jan 23 19:11:23 MST 2017
| Date         : Tue Nov 12 13:02:41 2019
| Host         : DESKTOP-G22A6L1 running 64-bit major release  (build 9200)
| Command      : upgrade_ip
| Device       : xc7z020clg484-1
------------------------------------------------------------------------------------

Upgrade Log for IP 'design_1_baseLocalPlanner_1_0_0'

1. Summary
----------

SUCCESS in the upgrade of design_1_baseLocalPlanner_1_0_0 (xilinx.com:user:baseLocalPlanner_1:1.0) from (Rev. 7) to (Rev. 8)






Copyright 1986-2016 Xilinx, Inc. All Rights Reserved.
------------------------------------------------------------------------------------
| Tool Version : Vivado v.2016.4 (win64) Build 1756540 Mon Jan 23 19:11:23 MST 2017
| Date         : Tue Nov 12 12:58:23 2019
| Host         : DESKTOP-G22A6L1 running 64-bit major release  (build 9200)
| Command      : upgrade_ip
| Device       : xc7z020clg484-1
------------------------------------------------------------------------------------

Upgrade Log for IP 'design_1_baseLocalPlanner_1_0_0'

1. Summary
----------

SUCCESS in the upgrade of design_1_baseLocalPlanner_1_0_0 (xilinx.com:user:baseLocalPlanner_1:1.0) from (Rev. 6) to (Rev. 7)






Copyright 1986-2016 Xilinx, Inc. All Rights Reserved.
------------------------------------------------------------------------------------
| Tool Version : Vivado v.2016.4 (win64) Build 1756540 Mon Jan 23 19:11:23 MST 2017
| Date         : Tue Nov 12 12:54:35 2019
| Host         : DESKTOP-G22A6L1 running 64-bit major release  (build 9200)
| Command      : upgrade_ip
| Device       : xc7z020clg484-1
------------------------------------------------------------------------------------

Upgrade Log for IP 'design_1_baseLocalPlanner_1_0_0'

1. Summary
----------

SUCCESS in the upgrade of design_1_baseLocalPlanner_1_0_0 (xilinx.com:user:baseLocalPlanner_1:1.0) from (Rev. 5) to (Rev. 6)






Copyright 1986-2016 Xilinx, Inc. All Rights Reserved.
------------------------------------------------------------------------------------
| Tool Version : Vivado v.2016.4 (win64) Build 1756540 Mon Jan 23 19:11:23 MST 2017
| Date         : Mon Nov 11 13:17:31 2019
| Host         : DESKTOP-G22A6L1 running 64-bit major release  (build 9200)
| Command      : upgrade_ip
| Device       : xc7z020clg484-1
------------------------------------------------------------------------------------

Upgrade Log for IP 'design_1_baseLocalPlanner_1_0_0'

1. Summary
----------

SUCCESS in the upgrade of design_1_baseLocalPlanner_1_0_0 (xilinx.com:user:baseLocalPlanner_1:1.0) from (Rev. 4) to (Rev. 5)






Copyright 1986-2016 Xilinx, Inc. All Rights Reserved.
------------------------------------------------------------------------------------
| Tool Version : Vivado v.2016.4 (win64) Build 1756540 Mon Jan 23 19:11:23 MST 2017
| Date         : Mon Nov 11 13:12:45 2019
| Host         : DESKTOP-G22A6L1 running 64-bit major release  (build 9200)
| Command      : upgrade_ip
| Device       : xc7z020clg484-1
------------------------------------------------------------------------------------

Upgrade Log for IP 'design_1_baseLocalPlanner_1_0_0'

1. Summary
----------

SUCCESS in the upgrade of design_1_baseLocalPlanner_1_0_0 (xilinx.com:user:baseLocalPlanner_1:1.0) from (Rev. 3) to (Rev. 4)






Copyright 1986-2016 Xilinx, Inc. All Rights Reserved.
------------------------------------------------------------------------------------
| Tool Version : Vivado v.2016.4 (win64) Build 1756540 Mon Jan 23 19:11:23 MST 2017
| Date         : Mon Nov 11 10:30:02 2019
| Host         : DESKTOP-G22A6L1 running 64-bit major release  (build 9200)
| Command      : upgrade_ip
| Device       : xc7z020clg484-1
------------------------------------------------------------------------------------

Upgrade Log for IP 'design_1_baseLocalPlanner_1_0_0'

1. Summary
----------

CAUTION (success, with warnings) in the upgrade of design_1_baseLocalPlanner_1_0_0 (xilinx.com:user:baseLocalPlanner_1:1.0) from (Rev. 1) to (Rev. 3)

After upgrade, an IP may have parameter and port differences compared to the original customization. Please review the parameters within the IP customization GUI to ensure proper functionality. Also, please review the updated IP instantiation template to ensure proper connectivity, and update your design if required.

2. Interface Information
------------------------

Detected external interface differences while upgrading 'design_1_baseLocalPlanner_1_0_0'.


-Upgrade has added interface 's00_axi_config_aclk' (xilinx.com:signal:clock:1.0)

-Upgrade has added interface 's00_axi_config_aresetn' (xilinx.com:signal:reset:1.0)

-Upgrade has added interface 's00_axis_path_dist_map_aclk' (xilinx.com:signal:clock:1.0)

-Upgrade has added interface 's00_axis_path_dist_map_aresetn' (xilinx.com:signal:reset:1.0)

-Upgrade has added interface 's01_axis_costmap_aclk' (xilinx.com:signal:clock:1.0)

-Upgrade has added interface 's01_axis_costmap_aresetn' (xilinx.com:signal:reset:1.0)


3. Connection Warnings
----------------------

Detected external port differences while upgrading 'design_1_baseLocalPlanner_1_0_0'. These changes may impact your design.


-Upgrade has removed port 's00_axis_path_dist_map_tstrb'

-Upgrade has removed port 's01_axis_costmap_tstrb'


