
*** Running vivado
    with args -log design_1_auto_us_0.vds -m64 -product Vivado -mode batch -messageDb vivado.pb -notrace -source design_1_auto_us_0.tcl


****** Vivado v2016.4 (64-bit)
  **** SW Build 1756540 on Mon Jan 23 19:11:23 MST 2017
  **** IP Build 1755317 on Mon Jan 23 20:30:07 MST 2017
    ** Copyright 1986-2016 Xilinx, Inc. All Rights Reserved.

source design_1_auto_us_0.tcl -notrace
Starting RTL Elaboration : Time (s): cpu = 00:00:17 ; elapsed = 00:00:24 . Memory (MB): peak = 351.078 ; gain = 140.852
INFO: [Synth 8-638] synthesizing module 'design_1_auto_us_0' [c:/Users/User/Documents/Vivado_2016_4/fullSystemAttempt1/fullSystemAttempt1.srcs/sources_1/bd/design_1/ip/design_1_auto_us_0/synth/design_1_auto_us_0.v:58]
INFO: [Synth 8-638] synthesizing module 'axi_dwidth_converter_v2_1_11_top' [c:/Users/User/Documents/Vivado_2016_4/fullSystemAttempt1/fullSystemAttempt1.srcs/sources_1/bd/design_1/ipshared/a4c8/hdl/axi_dwidth_converter_v2_1_vlsyn_rfs.v:14452]
INFO: [Synth 8-638] synthesizing module 'axi_dwidth_converter_v2_1_11_axi_upsizer' [c:/Users/User/Documents/Vivado_2016_4/fullSystemAttempt1/fullSystemAttempt1.srcs/sources_1/bd/design_1/ipshared/a4c8/hdl/axi_dwidth_converter_v2_1_vlsyn_rfs.v:7037]
INFO: [Synth 8-638] synthesizing module 'axi_dwidth_converter_v2_1_11_r_upsizer' [c:/Users/User/Documents/Vivado_2016_4/fullSystemAttempt1/fullSystemAttempt1.srcs/sources_1/bd/design_1/ipshared/a4c8/hdl/axi_dwidth_converter_v2_1_vlsyn_rfs.v:4652]
INFO: [Synth 8-256] done synthesizing module 'axi_dwidth_converter_v2_1_11_r_upsizer' (1#1) [c:/Users/User/Documents/Vivado_2016_4/fullSystemAttempt1/fullSystemAttempt1.srcs/sources_1/bd/design_1/ipshared/a4c8/hdl/axi_dwidth_converter_v2_1_vlsyn_rfs.v:4652]
INFO: [Synth 8-638] synthesizing module 'axi_register_slice_v2_1_11_axi_register_slice' [c:/Users/User/Documents/Vivado_2016_4/fullSystemAttempt1/fullSystemAttempt1.srcs/sources_1/bd/design_1/ipshared/0b6b/hdl/axi_register_slice_v2_1_vl_rfs.v:791]
INFO: [Synth 8-638] synthesizing module 'axi_infrastructure_v1_1_0_axi2vector' [c:/Users/User/Documents/Vivado_2016_4/fullSystemAttempt1/fullSystemAttempt1.srcs/sources_1/bd/design_1/ipshared/7e3a/hdl/axi_infrastructure_v1_1_vl_rfs.v:60]
INFO: [Synth 8-256] done synthesizing module 'axi_infrastructure_v1_1_0_axi2vector' (2#1) [c:/Users/User/Documents/Vivado_2016_4/fullSystemAttempt1/fullSystemAttempt1.srcs/sources_1/bd/design_1/ipshared/7e3a/hdl/axi_infrastructure_v1_1_vl_rfs.v:60]
INFO: [Synth 8-638] synthesizing module 'axi_register_slice_v2_1_11_axic_register_slice' [c:/Users/User/Documents/Vivado_2016_4/fullSystemAttempt1/fullSystemAttempt1.srcs/sources_1/bd/design_1/ipshared/0b6b/hdl/axi_register_slice_v2_1_vl_rfs.v:85]
INFO: [Synth 8-256] done synthesizing module 'axi_register_slice_v2_1_11_axic_register_slice' (3#1) [c:/Users/User/Documents/Vivado_2016_4/fullSystemAttempt1/fullSystemAttempt1.srcs/sources_1/bd/design_1/ipshared/0b6b/hdl/axi_register_slice_v2_1_vl_rfs.v:85]
INFO: [Synth 8-638] synthesizing module 'axi_register_slice_v2_1_11_axic_register_slice__parameterized0' [c:/Users/User/Documents/Vivado_2016_4/fullSystemAttempt1/fullSystemAttempt1.srcs/sources_1/bd/design_1/ipshared/0b6b/hdl/axi_register_slice_v2_1_vl_rfs.v:85]
INFO: [Synth 8-256] done synthesizing module 'axi_register_slice_v2_1_11_axic_register_slice__parameterized0' (3#1) [c:/Users/User/Documents/Vivado_2016_4/fullSystemAttempt1/fullSystemAttempt1.srcs/sources_1/bd/design_1/ipshared/0b6b/hdl/axi_register_slice_v2_1_vl_rfs.v:85]
INFO: [Synth 8-638] synthesizing module 'axi_register_slice_v2_1_11_axic_register_slice__parameterized1' [c:/Users/User/Documents/Vivado_2016_4/fullSystemAttempt1/fullSystemAttempt1.srcs/sources_1/bd/design_1/ipshared/0b6b/hdl/axi_register_slice_v2_1_vl_rfs.v:85]
INFO: [Synth 8-256] done synthesizing module 'axi_register_slice_v2_1_11_axic_register_slice__parameterized1' (3#1) [c:/Users/User/Documents/Vivado_2016_4/fullSystemAttempt1/fullSystemAttempt1.srcs/sources_1/bd/design_1/ipshared/0b6b/hdl/axi_register_slice_v2_1_vl_rfs.v:85]
INFO: [Synth 8-638] synthesizing module 'axi_register_slice_v2_1_11_axic_register_slice__parameterized2' [c:/Users/User/Documents/Vivado_2016_4/fullSystemAttempt1/fullSystemAttempt1.srcs/sources_1/bd/design_1/ipshared/0b6b/hdl/axi_register_slice_v2_1_vl_rfs.v:85]
INFO: [Synth 8-256] done synthesizing module 'axi_register_slice_v2_1_11_axic_register_slice__parameterized2' (3#1) [c:/Users/User/Documents/Vivado_2016_4/fullSystemAttempt1/fullSystemAttempt1.srcs/sources_1/bd/design_1/ipshared/0b6b/hdl/axi_register_slice_v2_1_vl_rfs.v:85]
INFO: [Synth 8-638] synthesizing module 'axi_infrastructure_v1_1_0_vector2axi' [c:/Users/User/Documents/Vivado_2016_4/fullSystemAttempt1/fullSystemAttempt1.srcs/sources_1/bd/design_1/ipshared/7e3a/hdl/axi_infrastructure_v1_1_vl_rfs.v:474]
INFO: [Synth 8-256] done synthesizing module 'axi_infrastructure_v1_1_0_vector2axi' (4#1) [c:/Users/User/Documents/Vivado_2016_4/fullSystemAttempt1/fullSystemAttempt1.srcs/sources_1/bd/design_1/ipshared/7e3a/hdl/axi_infrastructure_v1_1_vl_rfs.v:474]
INFO: [Synth 8-256] done synthesizing module 'axi_register_slice_v2_1_11_axi_register_slice' (5#1) [c:/Users/User/Documents/Vivado_2016_4/fullSystemAttempt1/fullSystemAttempt1.srcs/sources_1/bd/design_1/ipshared/0b6b/hdl/axi_register_slice_v2_1_vl_rfs.v:791]
INFO: [Synth 8-638] synthesizing module 'axi_dwidth_converter_v2_1_11_a_upsizer' [c:/Users/User/Documents/Vivado_2016_4/fullSystemAttempt1/fullSystemAttempt1.srcs/sources_1/bd/design_1/ipshared/a4c8/hdl/axi_dwidth_converter_v2_1_vlsyn_rfs.v:3603]
INFO: [Synth 8-638] synthesizing module 'generic_baseblocks_v2_1_0_command_fifo' [c:/Users/User/Documents/Vivado_2016_4/fullSystemAttempt1/fullSystemAttempt1.srcs/sources_1/bd/design_1/ipshared/7ee0/hdl/generic_baseblocks_v2_1_vl_rfs.v:655]
INFO: [Synth 8-256] done synthesizing module 'generic_baseblocks_v2_1_0_command_fifo' (6#1) [c:/Users/User/Documents/Vivado_2016_4/fullSystemAttempt1/fullSystemAttempt1.srcs/sources_1/bd/design_1/ipshared/7ee0/hdl/generic_baseblocks_v2_1_vl_rfs.v:655]
INFO: [Synth 8-256] done synthesizing module 'axi_dwidth_converter_v2_1_11_a_upsizer' (7#1) [c:/Users/User/Documents/Vivado_2016_4/fullSystemAttempt1/fullSystemAttempt1.srcs/sources_1/bd/design_1/ipshared/a4c8/hdl/axi_dwidth_converter_v2_1_vlsyn_rfs.v:3603]
INFO: [Synth 8-638] synthesizing module 'axi_register_slice_v2_1_11_axi_register_slice__parameterized0' [c:/Users/User/Documents/Vivado_2016_4/fullSystemAttempt1/fullSystemAttempt1.srcs/sources_1/bd/design_1/ipshared/0b6b/hdl/axi_register_slice_v2_1_vl_rfs.v:791]
INFO: [Synth 8-638] synthesizing module 'axi_infrastructure_v1_1_0_axi2vector__parameterized0' [c:/Users/User/Documents/Vivado_2016_4/fullSystemAttempt1/fullSystemAttempt1.srcs/sources_1/bd/design_1/ipshared/7e3a/hdl/axi_infrastructure_v1_1_vl_rfs.v:60]
INFO: [Synth 8-256] done synthesizing module 'axi_infrastructure_v1_1_0_axi2vector__parameterized0' (7#1) [c:/Users/User/Documents/Vivado_2016_4/fullSystemAttempt1/fullSystemAttempt1.srcs/sources_1/bd/design_1/ipshared/7e3a/hdl/axi_infrastructure_v1_1_vl_rfs.v:60]
INFO: [Synth 8-638] synthesizing module 'axi_register_slice_v2_1_11_axic_register_slice__parameterized3' [c:/Users/User/Documents/Vivado_2016_4/fullSystemAttempt1/fullSystemAttempt1.srcs/sources_1/bd/design_1/ipshared/0b6b/hdl/axi_register_slice_v2_1_vl_rfs.v:85]
INFO: [Synth 8-256] done synthesizing module 'axi_register_slice_v2_1_11_axic_register_slice__parameterized3' (7#1) [c:/Users/User/Documents/Vivado_2016_4/fullSystemAttempt1/fullSystemAttempt1.srcs/sources_1/bd/design_1/ipshared/0b6b/hdl/axi_register_slice_v2_1_vl_rfs.v:85]
INFO: [Synth 8-638] synthesizing module 'axi_register_slice_v2_1_11_axic_register_slice__parameterized4' [c:/Users/User/Documents/Vivado_2016_4/fullSystemAttempt1/fullSystemAttempt1.srcs/sources_1/bd/design_1/ipshared/0b6b/hdl/axi_register_slice_v2_1_vl_rfs.v:85]
INFO: [Synth 8-256] done synthesizing module 'axi_register_slice_v2_1_11_axic_register_slice__parameterized4' (7#1) [c:/Users/User/Documents/Vivado_2016_4/fullSystemAttempt1/fullSystemAttempt1.srcs/sources_1/bd/design_1/ipshared/0b6b/hdl/axi_register_slice_v2_1_vl_rfs.v:85]
INFO: [Synth 8-638] synthesizing module 'axi_register_slice_v2_1_11_axic_register_slice__parameterized5' [c:/Users/User/Documents/Vivado_2016_4/fullSystemAttempt1/fullSystemAttempt1.srcs/sources_1/bd/design_1/ipshared/0b6b/hdl/axi_register_slice_v2_1_vl_rfs.v:85]
INFO: [Synth 8-256] done synthesizing module 'axi_register_slice_v2_1_11_axic_register_slice__parameterized5' (7#1) [c:/Users/User/Documents/Vivado_2016_4/fullSystemAttempt1/fullSystemAttempt1.srcs/sources_1/bd/design_1/ipshared/0b6b/hdl/axi_register_slice_v2_1_vl_rfs.v:85]
INFO: [Synth 8-638] synthesizing module 'axi_register_slice_v2_1_11_axic_register_slice__parameterized6' [c:/Users/User/Documents/Vivado_2016_4/fullSystemAttempt1/fullSystemAttempt1.srcs/sources_1/bd/design_1/ipshared/0b6b/hdl/axi_register_slice_v2_1_vl_rfs.v:85]
INFO: [Synth 8-256] done synthesizing module 'axi_register_slice_v2_1_11_axic_register_slice__parameterized6' (7#1) [c:/Users/User/Documents/Vivado_2016_4/fullSystemAttempt1/fullSystemAttempt1.srcs/sources_1/bd/design_1/ipshared/0b6b/hdl/axi_register_slice_v2_1_vl_rfs.v:85]
INFO: [Synth 8-638] synthesizing module 'axi_register_slice_v2_1_11_axic_register_slice__parameterized7' [c:/Users/User/Documents/Vivado_2016_4/fullSystemAttempt1/fullSystemAttempt1.srcs/sources_1/bd/design_1/ipshared/0b6b/hdl/axi_register_slice_v2_1_vl_rfs.v:85]
INFO: [Synth 8-256] done synthesizing module 'axi_register_slice_v2_1_11_axic_register_slice__parameterized7' (7#1) [c:/Users/User/Documents/Vivado_2016_4/fullSystemAttempt1/fullSystemAttempt1.srcs/sources_1/bd/design_1/ipshared/0b6b/hdl/axi_register_slice_v2_1_vl_rfs.v:85]
INFO: [Synth 8-638] synthesizing module 'axi_infrastructure_v1_1_0_vector2axi__parameterized0' [c:/Users/User/Documents/Vivado_2016_4/fullSystemAttempt1/fullSystemAttempt1.srcs/sources_1/bd/design_1/ipshared/7e3a/hdl/axi_infrastructure_v1_1_vl_rfs.v:474]
INFO: [Synth 8-256] done synthesizing module 'axi_infrastructure_v1_1_0_vector2axi__parameterized0' (7#1) [c:/Users/User/Documents/Vivado_2016_4/fullSystemAttempt1/fullSystemAttempt1.srcs/sources_1/bd/design_1/ipshared/7e3a/hdl/axi_infrastructure_v1_1_vl_rfs.v:474]
INFO: [Synth 8-256] done synthesizing module 'axi_register_slice_v2_1_11_axi_register_slice__parameterized0' (7#1) [c:/Users/User/Documents/Vivado_2016_4/fullSystemAttempt1/fullSystemAttempt1.srcs/sources_1/bd/design_1/ipshared/0b6b/hdl/axi_register_slice_v2_1_vl_rfs.v:791]
INFO: [Synth 8-256] done synthesizing module 'axi_dwidth_converter_v2_1_11_axi_upsizer' (8#1) [c:/Users/User/Documents/Vivado_2016_4/fullSystemAttempt1/fullSystemAttempt1.srcs/sources_1/bd/design_1/ipshared/a4c8/hdl/axi_dwidth_converter_v2_1_vlsyn_rfs.v:7037]
INFO: [Synth 8-256] done synthesizing module 'axi_dwidth_converter_v2_1_11_top' (9#1) [c:/Users/User/Documents/Vivado_2016_4/fullSystemAttempt1/fullSystemAttempt1.srcs/sources_1/bd/design_1/ipshared/a4c8/hdl/axi_dwidth_converter_v2_1_vlsyn_rfs.v:14452]
INFO: [Synth 8-256] done synthesizing module 'design_1_auto_us_0' (10#1) [c:/Users/User/Documents/Vivado_2016_4/fullSystemAttempt1/fullSystemAttempt1.srcs/sources_1/bd/design_1/ip/design_1_auto_us_0/synth/design_1_auto_us_0.v:58]
Finished RTL Elaboration : Time (s): cpu = 00:02:19 ; elapsed = 00:02:37 . Memory (MB): peak = 467.898 ; gain = 257.672
Finished RTL Optimization Phase 1 : Time (s): cpu = 00:02:19 ; elapsed = 00:02:37 . Memory (MB): peak = 467.898 ; gain = 257.672
INFO: [Device 21-403] Loading part xc7z020clg484-1
Constraint Validation Runtime : Time (s): cpu = 00:00:00 ; elapsed = 00:00:00.081 . Memory (MB): peak = 713.586 ; gain = 0.074
Finished Constraint Validation : Time (s): cpu = 00:02:33 ; elapsed = 00:03:12 . Memory (MB): peak = 713.586 ; gain = 503.359
Finished Loading Part and Timing Information : Time (s): cpu = 00:02:33 ; elapsed = 00:03:12 . Memory (MB): peak = 713.586 ; gain = 503.359
Finished applying 'set_property' XDC Constraints : Time (s): cpu = 00:02:33 ; elapsed = 00:03:12 . Memory (MB): peak = 713.586 ; gain = 503.359
Finished RTL Optimization Phase 2 : Time (s): cpu = 00:02:34 ; elapsed = 00:03:13 . Memory (MB): peak = 713.586 ; gain = 503.359
Finished Cross Boundary and Area Optimization : Time (s): cpu = 00:02:36 ; elapsed = 00:03:15 . Memory (MB): peak = 713.586 ; gain = 503.359
Finished Applying XDC Timing Constraints : Time (s): cpu = 00:02:52 ; elapsed = 00:03:32 . Memory (MB): peak = 713.586 ; gain = 503.359
Finished Timing Optimization : Time (s): cpu = 00:02:52 ; elapsed = 00:03:33 . Memory (MB): peak = 713.586 ; gain = 503.359
Finished Technology Mapping : Time (s): cpu = 00:02:53 ; elapsed = 00:03:33 . Memory (MB): peak = 713.586 ; gain = 503.359
Finished IO Insertion : Time (s): cpu = 00:02:54 ; elapsed = 00:03:34 . Memory (MB): peak = 713.586 ; gain = 503.359
Finished Renaming Generated Instances : Time (s): cpu = 00:02:54 ; elapsed = 00:03:34 . Memory (MB): peak = 713.586 ; gain = 503.359
Finished Rebuilding User Hierarchy : Time (s): cpu = 00:02:54 ; elapsed = 00:03:34 . Memory (MB): peak = 713.586 ; gain = 503.359
Finished Renaming Generated Ports : Time (s): cpu = 00:02:54 ; elapsed = 00:03:34 . Memory (MB): peak = 713.586 ; gain = 503.359
Finished Handling Custom Attributes : Time (s): cpu = 00:02:54 ; elapsed = 00:03:34 . Memory (MB): peak = 713.586 ; gain = 503.359
Finished Renaming Generated Nets : Time (s): cpu = 00:02:54 ; elapsed = 00:03:34 . Memory (MB): peak = 713.586 ; gain = 503.359

Report Cell Usage: 
+------+--------+------+
|      |Cell    |Count |
+------+--------+------+
|1     |LUT1    |     3|
|2     |LUT2    |    12|
|3     |LUT3    |    87|
|4     |LUT4    |    18|
|5     |LUT5    |    28|
|6     |LUT6    |    79|
|7     |SRLC32E |    24|
|8     |FDRE    |   309|
|9     |FDSE    |     2|
+------+--------+------+
Finished Writing Synthesis Report : Time (s): cpu = 00:02:54 ; elapsed = 00:03:34 . Memory (MB): peak = 713.586 ; gain = 503.359
synth_design: Time (s): cpu = 00:02:48 ; elapsed = 00:03:24 . Memory (MB): peak = 713.586 ; gain = 450.844
