
*** Running vivado
    with args -log design_1_system_ila_0.vds -m64 -product Vivado -mode batch -messageDb vivado.pb -notrace -source design_1_system_ila_0.tcl


****** Vivado v2016.4 (64-bit)
  **** SW Build 1756540 on Mon Jan 23 19:11:23 MST 2017
  **** IP Build 1755317 on Mon Jan 23 20:30:07 MST 2017
    ** Copyright 1986-2016 Xilinx, Inc. All Rights Reserved.

source design_1_system_ila_0.tcl -notrace
Starting RTL Elaboration : Time (s): cpu = 00:00:17 ; elapsed = 00:00:20 . Memory (MB): peak = 433.457 ; gain = 223.164
INFO: [Synth 8-638] synthesizing module 'design_1_system_ila_0' [c:/Users/User/Documents/Vivado_2016_4/fullSystemAttempt1/fullSystemAttempt1.srcs/sources_1/bd/design_1/ip/design_1_system_ila_0/synth/design_1_system_ila_0.vhd:75]
INFO: [Synth 8-638] synthesizing module 'bd_384c' [c:/Users/User/Documents/Vivado_2016_4/fullSystemAttempt1/fullSystemAttempt1.srcs/sources_1/bd/design_1/ip/design_1_system_ila_0/bd_0/hdl/bd_384c.vhd:37]
INFO: [Synth 8-638] synthesizing module 'bd_384c_ila_lib_0' [c:/Users/User/Documents/Vivado_2016_4/fullSystemAttempt1/fullSystemAttempt1.srcs/sources_1/bd/design_1/ip/design_1_system_ila_0/bd_0/ip/ip_0/synth/bd_384c_ila_lib_0.vhd:74]
INFO: [Synth 8-638] synthesizing module 'CFGLUT5' [C:/Xilinx/Vivado/2016.4/scripts/rt/data/unisim_comp.v:998]
INFO: [Synth 8-256] done synthesizing module 'CFGLUT5' (8#1) [C:/Xilinx/Vivado/2016.4/scripts/rt/data/unisim_comp.v:998]
INFO: [Synth 8-638] synthesizing module 'CARRY4' [C:/Xilinx/Vivado/2016.4/scripts/rt/data/unisim_comp.v:961]
INFO: [Synth 8-256] done synthesizing module 'CARRY4' (9#1) [C:/Xilinx/Vivado/2016.4/scripts/rt/data/unisim_comp.v:961]
INFO: [Synth 8-638] synthesizing module 'SRLC32E' [C:/Xilinx/Vivado/2016.4/scripts/rt/data/unisim_comp.v:43478]
INFO: [Synth 8-256] done synthesizing module 'SRLC32E' (19#1) [C:/Xilinx/Vivado/2016.4/scripts/rt/data/unisim_comp.v:43478]
INFO: [Synth 8-638] synthesizing module 'SRL16E' [C:/Xilinx/Vivado/2016.4/scripts/rt/data/unisim_comp.v:43328]
INFO: [Synth 8-256] done synthesizing module 'SRL16E' (21#1) [C:/Xilinx/Vivado/2016.4/scripts/rt/data/unisim_comp.v:43328]
INFO: [Synth 8-638] synthesizing module 'SRLC16E' [C:/Xilinx/Vivado/2016.4/scripts/rt/data/unisim_comp.v:43417]
INFO: [Synth 8-256] done synthesizing module 'SRLC16E' (23#1) [C:/Xilinx/Vivado/2016.4/scripts/rt/data/unisim_comp.v:43417]
INFO: [Synth 8-638] synthesizing module 'FDRE' [C:/Xilinx/Vivado/2016.4/scripts/rt/data/unisim_comp.v:3964]
INFO: [Synth 8-256] done synthesizing module 'FDRE' (28#1) [C:/Xilinx/Vivado/2016.4/scripts/rt/data/unisim_comp.v:3964]
INFO: [Synth 8-256] done synthesizing module 'bd_384c_ila_lib_0' (46#1) [c:/Users/User/Documents/Vivado_2016_4/fullSystemAttempt1/fullSystemAttempt1.srcs/sources_1/bd/design_1/ip/design_1_system_ila_0/bd_0/ip/ip_0/synth/bd_384c_ila_lib_0.vhd:74]
INFO: [Synth 8-256] done synthesizing module 'bd_384c' (47#1) [c:/Users/User/Documents/Vivado_2016_4/fullSystemAttempt1/fullSystemAttempt1.srcs/sources_1/bd/design_1/ip/design_1_system_ila_0/bd_0/hdl/bd_384c.vhd:37]
INFO: [Synth 8-256] done synthesizing module 'design_1_system_ila_0' (48#1) [c:/Users/User/Documents/Vivado_2016_4/fullSystemAttempt1/fullSystemAttempt1.srcs/sources_1/bd/design_1/ip/design_1_system_ila_0/synth/design_1_system_ila_0.vhd:75]
Finished RTL Elaboration : Time (s): cpu = 00:01:25 ; elapsed = 00:01:32 . Memory (MB): peak = 749.973 ; gain = 539.680
Finished RTL Optimization Phase 1 : Time (s): cpu = 00:01:25 ; elapsed = 00:01:32 . Memory (MB): peak = 749.973 ; gain = 539.680
INFO: [Device 21-403] Loading part xc7z020clg484-1
Constraint Validation Runtime : Time (s): cpu = 00:00:00 ; elapsed = 00:00:00.149 . Memory (MB): peak = 850.035 ; gain = 0.000
Finished Constraint Validation : Time (s): cpu = 00:01:40 ; elapsed = 00:02:07 . Memory (MB): peak = 850.035 ; gain = 639.742
Finished Loading Part and Timing Information : Time (s): cpu = 00:01:40 ; elapsed = 00:02:07 . Memory (MB): peak = 850.035 ; gain = 639.742
Finished applying 'set_property' XDC Constraints : Time (s): cpu = 00:01:41 ; elapsed = 00:02:09 . Memory (MB): peak = 850.035 ; gain = 639.742
Finished RTL Optimization Phase 2 : Time (s): cpu = 00:01:44 ; elapsed = 00:02:12 . Memory (MB): peak = 850.035 ; gain = 639.742
Finished Cross Boundary and Area Optimization : Time (s): cpu = 00:01:52 ; elapsed = 00:02:21 . Memory (MB): peak = 850.035 ; gain = 639.742
Finished Applying XDC Timing Constraints : Time (s): cpu = 00:02:15 ; elapsed = 00:02:44 . Memory (MB): peak = 850.035 ; gain = 639.742
Finished Timing Optimization : Time (s): cpu = 00:02:16 ; elapsed = 00:02:45 . Memory (MB): peak = 850.035 ; gain = 639.742
Finished Technology Mapping : Time (s): cpu = 00:02:18 ; elapsed = 00:02:47 . Memory (MB): peak = 850.035 ; gain = 639.742
Finished IO Insertion : Time (s): cpu = 00:02:19 ; elapsed = 00:02:48 . Memory (MB): peak = 850.035 ; gain = 639.742
Finished Renaming Generated Instances : Time (s): cpu = 00:02:19 ; elapsed = 00:02:48 . Memory (MB): peak = 850.035 ; gain = 639.742
Finished Rebuilding User Hierarchy : Time (s): cpu = 00:02:19 ; elapsed = 00:02:49 . Memory (MB): peak = 850.035 ; gain = 639.742
Finished Renaming Generated Ports : Time (s): cpu = 00:02:19 ; elapsed = 00:02:49 . Memory (MB): peak = 850.035 ; gain = 639.742
Finished Handling Custom Attributes : Time (s): cpu = 00:02:19 ; elapsed = 00:02:49 . Memory (MB): peak = 850.035 ; gain = 639.742
Finished Renaming Generated Nets : Time (s): cpu = 00:02:19 ; elapsed = 00:02:49 . Memory (MB): peak = 850.035 ; gain = 639.742

Report Cell Usage: 
+------+---------+------+
|      |Cell     |Count |
+------+---------+------+
|1     |CARRY4   |    50|
|2     |CFGLUT5  |   149|
|3     |LUT1     |    24|
|4     |LUT2     |    58|
|5     |LUT3     |   109|
|6     |LUT4     |   177|
|7     |LUT5     |   115|
|8     |LUT6     |   578|
|9     |MUXF7    |    32|
|10    |RAMB36E1 |     5|
|11    |SRL16E   |   169|
|12    |SRLC16E  |     2|
|13    |SRLC32E  |    17|
|14    |FDRE     |  2010|
|15    |FDSE     |     9|
+------+---------+------+
Finished Writing Synthesis Report : Time (s): cpu = 00:02:19 ; elapsed = 00:02:49 . Memory (MB): peak = 850.035 ; gain = 639.742
synth_design: Time (s): cpu = 00:02:13 ; elapsed = 00:02:39 . Memory (MB): peak = 850.035 ; gain = 506.566
