
*** Running vivado
    with args -log design_1_processing_system7_0_0.vds -m64 -product Vivado -mode batch -messageDb vivado.pb -notrace -source design_1_processing_system7_0_0.tcl


****** Vivado v2016.4 (64-bit)
  **** SW Build 1756540 on Mon Jan 23 19:11:23 MST 2017
  **** IP Build 1755317 on Mon Jan 23 20:30:07 MST 2017
    ** Copyright 1986-2016 Xilinx, Inc. All Rights Reserved.

source design_1_processing_system7_0_0.tcl -notrace
Starting RTL Elaboration : Time (s): cpu = 00:00:13 ; elapsed = 00:00:24 . Memory (MB): peak = 349.980 ; gain = 140.305
INFO: [Synth 8-638] synthesizing module 'design_1_processing_system7_0_0' [c:/Users/User/Documents/Vivado_2016_4/fullSystemAttempt1/fullSystemAttempt1.srcs/sources_1/bd/design_1/ip/design_1_processing_system7_0_0/synth/design_1_processing_system7_0_0.v:60]
INFO: [Synth 8-638] synthesizing module 'processing_system7_v5_5_processing_system7' [c:/Users/User/Documents/Vivado_2016_4/fullSystemAttempt1/fullSystemAttempt1.srcs/sources_1/bd/design_1/ip/design_1_processing_system7_0_0/hdl/verilog/processing_system7_v5_5_processing_system7.v:162]
INFO: [Synth 8-638] synthesizing module 'BUFG' [C:/Xilinx/Vivado/2016.4/scripts/rt/data/unisim_comp.v:607]
INFO: [Synth 8-256] done synthesizing module 'BUFG' (1#1) [C:/Xilinx/Vivado/2016.4/scripts/rt/data/unisim_comp.v:607]
INFO: [Synth 8-638] synthesizing module 'BIBUF' [C:/Xilinx/Vivado/2016.4/scripts/rt/data/unisim_comp.v:268]
INFO: [Synth 8-256] done synthesizing module 'BIBUF' (2#1) [C:/Xilinx/Vivado/2016.4/scripts/rt/data/unisim_comp.v:268]
INFO: [Synth 8-638] synthesizing module 'PS7' [C:/Xilinx/Vivado/2016.4/scripts/rt/data/unisim_comp.v:33182]
INFO: [Synth 8-256] done synthesizing module 'PS7' (3#1) [C:/Xilinx/Vivado/2016.4/scripts/rt/data/unisim_comp.v:33182]
INFO: [Synth 8-256] done synthesizing module 'processing_system7_v5_5_processing_system7' (4#1) [c:/Users/User/Documents/Vivado_2016_4/fullSystemAttempt1/fullSystemAttempt1.srcs/sources_1/bd/design_1/ip/design_1_processing_system7_0_0/hdl/verilog/processing_system7_v5_5_processing_system7.v:162]
INFO: [Synth 8-256] done synthesizing module 'design_1_processing_system7_0_0' (5#1) [c:/Users/User/Documents/Vivado_2016_4/fullSystemAttempt1/fullSystemAttempt1.srcs/sources_1/bd/design_1/ip/design_1_processing_system7_0_0/synth/design_1_processing_system7_0_0.v:60]
Finished RTL Elaboration : Time (s): cpu = 00:00:14 ; elapsed = 00:00:26 . Memory (MB): peak = 388.266 ; gain = 178.590
Finished RTL Optimization Phase 1 : Time (s): cpu = 00:00:14 ; elapsed = 00:00:26 . Memory (MB): peak = 388.266 ; gain = 178.590
INFO: [Device 21-403] Loading part xc7z020clg484-1
Constraint Validation Runtime : Time (s): cpu = 00:00:00 ; elapsed = 00:00:00.206 . Memory (MB): peak = 631.418 ; gain = 0.000
Finished Constraint Validation : Time (s): cpu = 00:00:27 ; elapsed = 00:01:01 . Memory (MB): peak = 631.418 ; gain = 421.742
Finished Loading Part and Timing Information : Time (s): cpu = 00:00:27 ; elapsed = 00:01:01 . Memory (MB): peak = 631.418 ; gain = 421.742
Finished applying 'set_property' XDC Constraints : Time (s): cpu = 00:00:27 ; elapsed = 00:01:02 . Memory (MB): peak = 631.418 ; gain = 421.742
Finished RTL Optimization Phase 2 : Time (s): cpu = 00:00:28 ; elapsed = 00:01:03 . Memory (MB): peak = 631.418 ; gain = 421.742
Finished Cross Boundary and Area Optimization : Time (s): cpu = 00:00:29 ; elapsed = 00:01:03 . Memory (MB): peak = 631.418 ; gain = 421.742
Finished Applying XDC Timing Constraints : Time (s): cpu = 00:00:43 ; elapsed = 00:01:19 . Memory (MB): peak = 832.387 ; gain = 622.711
Finished Timing Optimization : Time (s): cpu = 00:00:43 ; elapsed = 00:01:19 . Memory (MB): peak = 849.352 ; gain = 639.676
Finished Technology Mapping : Time (s): cpu = 00:00:44 ; elapsed = 00:01:21 . Memory (MB): peak = 853.754 ; gain = 644.078
Finished IO Insertion : Time (s): cpu = 00:00:47 ; elapsed = 00:01:23 . Memory (MB): peak = 853.754 ; gain = 644.078
Finished Renaming Generated Instances : Time (s): cpu = 00:00:47 ; elapsed = 00:01:24 . Memory (MB): peak = 853.754 ; gain = 644.078
Finished Rebuilding User Hierarchy : Time (s): cpu = 00:00:47 ; elapsed = 00:01:24 . Memory (MB): peak = 853.754 ; gain = 644.078
Finished Renaming Generated Ports : Time (s): cpu = 00:00:47 ; elapsed = 00:01:24 . Memory (MB): peak = 853.754 ; gain = 644.078
Finished Handling Custom Attributes : Time (s): cpu = 00:00:47 ; elapsed = 00:01:24 . Memory (MB): peak = 853.754 ; gain = 644.078
Finished Renaming Generated Nets : Time (s): cpu = 00:00:47 ; elapsed = 00:01:24 . Memory (MB): peak = 853.754 ; gain = 644.078

Report Cell Usage: 
+------+------+------+
|      |Cell  |Count |
+------+------+------+
|1     |BIBUF |   130|
|2     |BUFG  |     1|
|3     |LUT1  |   112|
|4     |PS7   |     1|
+------+------+------+
Finished Writing Synthesis Report : Time (s): cpu = 00:00:47 ; elapsed = 00:01:24 . Memory (MB): peak = 853.754 ; gain = 644.078
synth_design: Time (s): cpu = 00:00:44 ; elapsed = 00:01:14 . Memory (MB): peak = 877.195 ; gain = 607.176
